<?xml version="1.0" encoding="UTF-8"?>
<!-- Generated by org.testng.reporters.JUnitReportReporter -->
<testsuite hostname="SYN-009018" failures="0" tests="1" name="Tester.Tester" time="18.934" errors="0" timestamp="2024-01-30T18:58:07 IST" skipped="0">
  <testcase classname="Tester.Tester" name="main_test" time="18.934"/>
</testsuite> <!-- Tester.Tester -->
