<?xml version="1.0" encoding="UTF-8"?>
<!-- Generated by org.testng.reporters.JUnitReportReporter -->
<testsuite hostname="SYN-009018" failures="0" tests="1" name="Tester.Tester" time="22.013" errors="0" timestamp="2024-01-30T19:00:09 IST" skipped="0">
  <testcase classname="Tester.Tester" name="main_test" time="22.013"/>
</testsuite> <!-- Tester.Tester -->
